[RUN #0 3 10]
568 -698 273
-388 -298 631
78 223 926
790 -134 -301
-980 820 -367
183 192 495
-348 -253 -585
480 84 -154
-147 114 862
-724 528 -706
[RUN #1 2-3 10]
-959 -240
265 420
620 775
494 -522
-993 884
-749 260
-152 -702
511 -206
763 -120
-582 829
957 200 748
365 -195 -159
494 -361 828
-86 -720 609
-38 -678 282
503 745 288
219 -545 -950
617 156 -78
-411 -208 -89
58 -950 -134
[RUN #2 2-3 10]
549 192
-14 997
891 664
789 -209
753 -435
-496 -984
-339 110
-90 646
-669 528
616 917
847 502 961
-918 -994 595
-9 758 -162
-744 392 -815
357 -152 79
-20 554 492
205 -717 89
-500 848 134
-275 -453 -258
884 -695 672
